Using pre-set license

 COMMAND LINE ARGUMENTS:
/Users/ctheard/OneDrive/Documents/Unity Build/2020.2.2f1/Unity.app/Contents/MacOS/Unity
-adb2
-batchMode
-noUpm
-name
AssetImportWorker4
-projectPath
/Users/ctheard/OneDrive/Documents/Unity 2020 Class/SuperSpartBros2D/SuperSpartBros2D
-logFile
Logs/AssetImportWorker4.log
-srvPort
56745
Successfully changed project path to: /Users/ctheard/OneDrive/Documents/Unity 2020 Class/SuperSpartBros2D/SuperSpartBros2D
/Users/ctheard/OneDrive/Documents/Unity 2020 Class/SuperSpartBros2D/SuperSpartBros2D
Using Asset Import Pipeline V2.
Refreshing native plugins compatible for Editor in 327.72 ms, found 2 plugins.
Preloading 0 native plugins for Editor in 0.00 ms.
Initialize engine version: 2020.2.2f1 (068178b99f32)
[Subsystems] Discovering subsystems at path /Users/ctheard/OneDrive/Documents/Unity Build/2020.2.2f1/Unity.app/Contents/Resources/UnitySubsystems
[Subsystems] Discovering subsystems at path /Users/ctheard/OneDrive/Documents/Unity 2020 Class/SuperSpartBros2D/SuperSpartBros2D/Assets
GfxDevice: creating device client; threaded=0
Renderer: AMD Radeon HD 6770M OpenGL Engine
Vendor:   ATI Technologies Inc.
Version:  4.1 ATI-1.68.25
GLES:     0
 GL_ARB_blend_func_extended GL_ARB_draw_buffers_blend GL_ARB_draw_indirect GL_ARB_ES2_compatibility GL_ARB_explicit_attrib_location GL_ARB_gpu_shader5 GL_ARB_instanced_arrays GL_ARB_internalformat_query GL_ARB_occlusion_query2 GL_ARB_sample_shading GL_ARB_sampler_objects GL_ARB_separate_shader_objects GL_ARB_shader_bit_encoding GL_ARB_shader_subroutine GL_ARB_shading_language_include GL_ARB_tessellation_shader GL_ARB_texture_buffer_object_rgb32 GL_ARB_texture_cube_map_array GL_ARB_texture_gather GL_ARB_texture_query_lod GL_ARB_texture_rgb10_a2ui GL_ARB_texture_storage GL_ARB_texture_swizzle GL_ARB_timer_query GL_ARB_transform_feedback2 GL_ARB_transform_feedback3 GL_ARB_vertex_type_2_10_10_10_rev GL_ARB_viewport_array GL_EXT_debug_label GL_EXT_debug_marker GL_EXT_texture_compression_s3tc GL_EXT_texture_filter_anisotropic GL_EXT_texture_mirror_clamp GL_EXT_texture_sRGB_decode GL_APPLE_client_storage GL_APPLE_container_object_shareable GL_APPLE_flush_render GL_APPLE_object_purgeable GL_APPLE_rgb_422 GL_APPLE_ro
w_bytes GL_APPLE_texture_range GL_ATI_texture_mirror_once GL_NV_texture_barrier
OPENGL LOG: Creating OpenGL 4.1 graphics device ; Context level  <OpenGL 4.1> ; Context handle 495357952
Initialize mono
Mono path[0] = '/Users/ctheard/OneDrive/Documents/Unity Build/2020.2.2f1/Unity.app/Contents/Managed'
Mono path[1] = '/Users/ctheard/OneDrive/Documents/Unity Build/2020.2.2f1/Unity.app/Contents/MonoBleedingEdge/lib/mono/unityjit'
Mono config path = '/Users/ctheard/OneDrive/Documents/Unity Build/2020.2.2f1/Unity.app/Contents/MonoBleedingEdge/etc'
Using monoOptions --debugger-agent=transport=dt_socket,embedding=1,server=y,suspend=n,address=127.0.0.1:56776
Begin MonoManager ReloadAssembly
Registering precompiled unity dll's ...
Register platform support module: /Users/ctheard/OneDrive/Documents/Unity Build/2020.2.2f1/PlaybackEngines/WebGLSupport/UnityEditor.WebGL.Extensions.dll
Register platform support module: /Users/ctheard/OneDrive/Documents/Unity Build/2020.2.2f1/Unity.app/Contents/PlaybackEngines/MacStandaloneSupport/UnityEditor.OSXStandalone.Extensions.dll
Register platform support module: /Users/ctheard/OneDrive/Documents/Unity Build/2020.2.2f1/PlaybackEngines/WindowsStandaloneSupport/UnityEditor.WindowsStandalone.Extensions.dll
Register platform support module: /Users/ctheard/OneDrive/Documents/Unity Build/2020.2.2f1/PlaybackEngines/LinuxStandaloneSupport/UnityEditor.LinuxStandalone.Extensions.dll
Register platform support module: /Users/ctheard/OneDrive/Documents/Unity Build/2020.2.2f1/PlaybackEngines/LuminSupport/UnityEditor.Lumin.Extensions.dll
Registered in 0.001627 seconds.
Native extension for Lumin target not found
Native extension for LinuxStandalone target not found
Native extension for WindowsStandalone target not found
Native extension for OSXStandalone target not found
Native extension for WebGL target not found
Refreshing native plugins compatible for Editor in 65.97 ms, found 2 plugins.
Preloading 0 native plugins for Editor in 0.00 ms.
Invoked RoslynAnalysisRunner static constructor.
RoslynAnalysisRunner will not be running.
RoslynAnalysisRunner has terminated.
Mono: successfully reloaded assembly
- Completed reload, in  4.361 seconds
Platform modules already initialized, skipping
Registering precompiled user dll's ...
Registered in 0.000802 seconds.
Begin MonoManager ReloadAssembly
Native extension for Lumin target not found
Native extension for LinuxStandalone target not found
Native extension for WindowsStandalone target not found
Native extension for OSXStandalone target not found
Native extension for WebGL target not found
Refreshing native plugins compatible for Editor in 67.10 ms, found 2 plugins.
Preloading 0 native plugins for Editor in 0.00 ms.
Invoked RoslynAnalysisRunner static constructor.
RoslynAnalysisRunner will not be running.
RoslynAnalysisRunner has terminated.
Mono: successfully reloaded assembly
- Completed reload, in  2.454 seconds
Platform modules already initialized, skipping
========================================================================
Worker process is ready to serve import requests
Launching external process: /Users/ctheard/OneDrive/Documents/Unity Build/2020.2.2f1/Unity.app/Contents/Tools/UnityShaderCompiler
Launched and connected shader compiler UnityShaderCompiler after 0.17 seconds
Refreshing native plugins compatible for Editor in 0.46 ms, found 2 plugins.
Preloading 0 native plugins for Editor in 0.00 ms.
Unloading 1809 Unused Serialized files (Serialized files now loaded: 0)
System memory in use before: 147.6 MB.
System memory in use after: 147.6 MB.

Unloading 24 unused Assets to reduce memory usage. Loaded Objects now: 2253.
Total: 2.979610 ms (FindLiveObjects: 0.240714 ms CreateObjectMapping: 0.077402 ms MarkObjects: 2.481748 ms  DeleteObjects: 0.177191 ms)

========================================================================
Received Import Request.
  path: Assets/_Scripts/CharacterController2D.cs
  artifactKey: Guid(8423f0ac0de5d4bfebefd128e189fcf8) Importer(815301076,1909f56bfc062723c751e8b465ee728b)
Start importing Assets/_Scripts/CharacterController2D.cs using Guid(8423f0ac0de5d4bfebefd128e189fcf8) Importer(815301076,1909f56bfc062723c751e8b465ee728b)  -> (artifact id: 'a9cb7164ac647f26d451b9304971fcee') in 0.941942 seconds
  Import took 1.038788 seconds .

========================================================================
Received Prepare
Registering precompiled user dll's ...
Registered in 0.000850 seconds.
Begin MonoManager ReloadAssembly
Native extension for Lumin target not found
Native extension for LinuxStandalone target not found
Native extension for WindowsStandalone target not found
Native extension for OSXStandalone target not found
Native extension for WebGL target not found
Refreshing native plugins compatible for Editor in 0.56 ms, found 2 plugins.
Preloading 0 native plugins for Editor in 0.00 ms.
Invoked RoslynAnalysisRunner static constructor.
RoslynAnalysisRunner will not be running.
RoslynAnalysisRunner has terminated.
Mono: successfully reloaded assembly
- Completed reload, in  1.556 seconds
Platform modules already initialized, skipping
Refreshing native plugins compatible for Editor in 0.52 ms, found 2 plugins.
Preloading 0 native plugins for Editor in 0.00 ms.
Unloading 1804 Unused Serialized files (Serialized files now loaded: 0)
System memory in use before: 149.2 MB.
System memory in use after: 149.2 MB.

Unloading 12 unused Assets to reduce memory usage. Loaded Objects now: 2256.
Total: 3.063719 ms (FindLiveObjects: 0.254036 ms CreateObjectMapping: 0.076341 ms MarkObjects: 2.591498 ms  DeleteObjects: 0.139304 ms)

========================================================================
Received Import Request.
  Time since last request: 698.750782 seconds.
  path: Assets/Animations/Sparty.controller
  artifactKey: Guid(a09774a50990d4cd5948d044da4b319b) Importer(815301076,1909f56bfc062723c751e8b465ee728b)
Start importing Assets/Animations/Sparty.controller using Guid(a09774a50990d4cd5948d044da4b319b) Importer(815301076,1909f56bfc062723c751e8b465ee728b)  -> (artifact id: '39834670ed17b18552088a0511295653') in 0.760542 seconds
  Import took 0.807666 seconds .

========================================================================
Received Import Request.
  Time since last request: 11538.414521 seconds.
  path: Assets/_Scripts/CharacterController2D.cs
  artifactKey: Guid(8423f0ac0de5d4bfebefd128e189fcf8) Importer(815301076,1909f56bfc062723c751e8b465ee728b)
Start importing Assets/_Scripts/CharacterController2D.cs using Guid(8423f0ac0de5d4bfebefd128e189fcf8) Importer(815301076,1909f56bfc062723c751e8b465ee728b)  -> (artifact id: '2b778ee8044a0a8d98cb6dbd3f1d323c') in 0.004386 seconds
  Import took 0.026443 seconds .

========================================================================
Received Import Request.
  Time since last request: 0.009279 seconds.
  path: Assets/_Scripts/CharacterController2D.cs
  artifactKey: Guid(8423f0ac0de5d4bfebefd128e189fcf8) Importer(815301076,1909f56bfc062723c751e8b465ee728b)
Start importing Assets/_Scripts/CharacterController2D.cs using Guid(8423f0ac0de5d4bfebefd128e189fcf8) Importer(815301076,1909f56bfc062723c751e8b465ee728b)  -> (artifact id: '2b778ee8044a0a8d98cb6dbd3f1d323c') in 0.001555 seconds
  Import took 0.005819 seconds .

========================================================================
Received Prepare
Registering precompiled user dll's ...
Registered in 0.016611 seconds.
Begin MonoManager ReloadAssembly
Native extension for Lumin target not found
Native extension for LinuxStandalone target not found
Native extension for WindowsStandalone target not found
Native extension for OSXStandalone target not found
Native extension for WebGL target not found
Refreshing native plugins compatible for Editor in 0.48 ms, found 2 plugins.
Preloading 0 native plugins for Editor in 0.00 ms.
Invoked RoslynAnalysisRunner static constructor.
RoslynAnalysisRunner will not be running.
RoslynAnalysisRunner has terminated.
Mono: successfully reloaded assembly
- Completed reload, in  1.418 seconds
Platform modules already initialized, skipping
Refreshing native plugins compatible for Editor in 0.49 ms, found 2 plugins.
Preloading 0 native plugins for Editor in 0.00 ms.
Unloading 1804 Unused Serialized files (Serialized files now loaded: 0)
System memory in use before: 153.9 MB.
System memory in use after: 153.9 MB.

Unloading 12 unused Assets to reduce memory usage. Loaded Objects now: 2259.
Total: 2.659923 ms (FindLiveObjects: 0.232121 ms CreateObjectMapping: 0.068813 ms MarkObjects: 2.221223 ms  DeleteObjects: 0.135752 ms)

========================================================================
Received Import Request.
  Time since last request: 198.765381 seconds.
  path: Assets/Animations/SpartyVisible.anim
  artifactKey: Guid(f516a0255133e42f7886fe70e6f04a9e) Importer(815301076,1909f56bfc062723c751e8b465ee728b)
Start importing Assets/Animations/SpartyVisible.anim using Guid(f516a0255133e42f7886fe70e6f04a9e) Importer(815301076,1909f56bfc062723c751e8b465ee728b)  -> (artifact id: 'c85581154693aa7c71ac01bce406af55') in 0.120786 seconds
  Import took 0.219074 seconds .

========================================================================
Received Import Request.
  Time since last request: 5.301262 seconds.
  path: Assets/Animations/SpartyInvisible.anim
  artifactKey: Guid(6d2d2e800f6bc412790a8fe51be695c5) Importer(815301076,1909f56bfc062723c751e8b465ee728b)
Start importing Assets/Animations/SpartyInvisible.anim using Guid(6d2d2e800f6bc412790a8fe51be695c5) Importer(815301076,1909f56bfc062723c751e8b465ee728b)  -> (artifact id: 'b2070469aa293d3ed4362bc20af23513') in 0.059327 seconds
  Import took 0.063632 seconds .

========================================================================
Received Import Request.
  Time since last request: 654.494590 seconds.
  path: Assets/_Scripts/Potion.cs
  artifactKey: Guid(84b788ad4c1ed43109b56f704743f56f) Importer(815301076,1909f56bfc062723c751e8b465ee728b)
Start importing Assets/_Scripts/Potion.cs using Guid(84b788ad4c1ed43109b56f704743f56f) Importer(815301076,1909f56bfc062723c751e8b465ee728b)  -> (artifact id: 'b9ef4efd60f2304787ad9f1af0feef31') in 0.016216 seconds
  Import took 0.042114 seconds .

========================================================================
Received Prepare
Registering precompiled user dll's ...
Registered in 0.017927 seconds.
Begin MonoManager ReloadAssembly
Native extension for Lumin target not found
Native extension for LinuxStandalone target not found
Native extension for WindowsStandalone target not found
Native extension for OSXStandalone target not found
Native extension for WebGL target not found
Refreshing native plugins compatible for Editor in 0.54 ms, found 2 plugins.
Preloading 0 native plugins for Editor in 0.00 ms.
Invoked RoslynAnalysisRunner static constructor.
RoslynAnalysisRunner will not be running.
RoslynAnalysisRunner has terminated.
Mono: successfully reloaded assembly
- Completed reload, in  1.472 seconds
Platform modules already initialized, skipping
Refreshing native plugins compatible for Editor in 0.49 ms, found 2 plugins.
Preloading 0 native plugins for Editor in 0.00 ms.
Unloading 1805 Unused Serialized files (Serialized files now loaded: 0)
System memory in use before: 158.6 MB.
System memory in use after: 158.6 MB.

Unloading 12 unused Assets to reduce memory usage. Loaded Objects now: 2263.
Total: 2.902208 ms (FindLiveObjects: 0.238577 ms CreateObjectMapping: 0.068915 ms MarkObjects: 2.433660 ms  DeleteObjects: 0.158572 ms)

========================================================================
Received Prepare
Registering precompiled user dll's ...
Registered in 0.021566 seconds.
Begin MonoManager ReloadAssembly
Native extension for Lumin target not found
Native extension for LinuxStandalone target not found
Native extension for WindowsStandalone target not found
Native extension for OSXStandalone target not found
Native extension for WebGL target not found
Refreshing native plugins compatible for Editor in 0.52 ms, found 2 plugins.
Preloading 0 native plugins for Editor in 0.01 ms.
Invoked RoslynAnalysisRunner static constructor.
RoslynAnalysisRunner will not be running.
RoslynAnalysisRunner has terminated.
Mono: successfully reloaded assembly
- Completed reload, in  1.493 seconds
Platform modules already initialized, skipping
Refreshing native plugins compatible for Editor in 0.50 ms, found 2 plugins.
Preloading 0 native plugins for Editor in 0.00 ms.
Unloading 1805 Unused Serialized files (Serialized files now loaded: 0)
System memory in use before: 159.1 MB.
System memory in use after: 159.1 MB.

Unloading 12 unused Assets to reduce memory usage. Loaded Objects now: 2266.
Total: 2.820406 ms (FindLiveObjects: 0.237943 ms CreateObjectMapping: 0.069500 ms MarkObjects: 2.358882 ms  DeleteObjects: 0.151580 ms)

========================================================================
Received Prepare
Registering precompiled user dll's ...
Registered in 0.043180 seconds.
Begin MonoManager ReloadAssembly
Native extension for Lumin target not found
Native extension for LinuxStandalone target not found
Native extension for WindowsStandalone target not found
Native extension for OSXStandalone target not found
Native extension for WebGL target not found
Refreshing native plugins compatible for Editor in 0.62 ms, found 2 plugins.
Preloading 0 native plugins for Editor in 0.00 ms.
Invoked RoslynAnalysisRunner static constructor.
RoslynAnalysisRunner will not be running.
RoslynAnalysisRunner has terminated.
Mono: successfully reloaded assembly
- Completed reload, in  2.578 seconds
Platform modules already initialized, skipping
Refreshing native plugins compatible for Editor in 0.51 ms, found 2 plugins.
Preloading 0 native plugins for Editor in 0.00 ms.
Unloading 1805 Unused Serialized files (Serialized files now loaded: 0)
System memory in use before: 159.4 MB.
System memory in use after: 159.5 MB.

Unloading 12 unused Assets to reduce memory usage. Loaded Objects now: 2269.
Total: 2.861295 ms (FindLiveObjects: 0.255371 ms CreateObjectMapping: 0.078494 ms MarkObjects: 2.376601 ms  DeleteObjects: 0.148478 ms)

========================================================================
Received Prepare
Registering precompiled user dll's ...
Registered in 0.000915 seconds.
Begin MonoManager ReloadAssembly
Native extension for Lumin target not found
Native extension for LinuxStandalone target not found
Native extension for WindowsStandalone target not found
Native extension for OSXStandalone target not found
Native extension for WebGL target not found
Refreshing native plugins compatible for Editor in 0.57 ms, found 2 plugins.
Preloading 0 native plugins for Editor in 0.00 ms.
Invoked RoslynAnalysisRunner static constructor.
RoslynAnalysisRunner will not be running.
RoslynAnalysisRunner has terminated.
Mono: successfully reloaded assembly
- Completed reload, in  1.504 seconds
Platform modules already initialized, skipping
Refreshing native plugins compatible for Editor in 0.50 ms, found 2 plugins.
Preloading 0 native plugins for Editor in 0.00 ms.
Unloading 1805 Unused Serialized files (Serialized files now loaded: 0)
System memory in use before: 159.6 MB.
System memory in use after: 159.7 MB.

Unloading 12 unused Assets to reduce memory usage. Loaded Objects now: 2272.
Total: 2.882844 ms (FindLiveObjects: 0.270702 ms CreateObjectMapping: 0.089186 ms MarkObjects: 2.372998 ms  DeleteObjects: 0.147478 ms)

========================================================================
Received Prepare
Registering precompiled user dll's ...
Registered in 0.021389 seconds.
Begin MonoManager ReloadAssembly
Native extension for Lumin target not found
Native extension for LinuxStandalone target not found
Native extension for WindowsStandalone target not found
Native extension for OSXStandalone target not found
Native extension for WebGL target not found
Refreshing native plugins compatible for Editor in 0.56 ms, found 2 plugins.
Preloading 0 native plugins for Editor in 0.00 ms.
Invoked RoslynAnalysisRunner static constructor.
RoslynAnalysisRunner will not be running.
RoslynAnalysisRunner has terminated.
Mono: successfully reloaded assembly
- Completed reload, in  1.483 seconds
Platform modules already initialized, skipping
Refreshing native plugins compatible for Editor in 0.54 ms, found 2 plugins.
Preloading 0 native plugins for Editor in 0.00 ms.
Unloading 1805 Unused Serialized files (Serialized files now loaded: 0)
System memory in use before: 160.0 MB.
System memory in use after: 160.1 MB.

Unloading 12 unused Assets to reduce memory usage. Loaded Objects now: 2275.
Total: 3.031069 ms (FindLiveObjects: 0.256783 ms CreateObjectMapping: 0.084657 ms MarkObjects: 2.539229 ms  DeleteObjects: 0.147864 ms)

========================================================================
Received Prepare
Registering precompiled user dll's ...
Registered in 0.000892 seconds.
Begin MonoManager ReloadAssembly
Native extension for Lumin target not found
Native extension for LinuxStandalone target not found
Native extension for WindowsStandalone target not found
Native extension for OSXStandalone target not found
Native extension for WebGL target not found
Refreshing native plugins compatible for Editor in 0.50 ms, found 2 plugins.
Preloading 0 native plugins for Editor in 0.00 ms.
Invoked RoslynAnalysisRunner static constructor.
RoslynAnalysisRunner will not be running.
RoslynAnalysisRunner has terminated.
Mono: successfully reloaded assembly
- Completed reload, in  1.548 seconds
Platform modules already initialized, skipping
Refreshing native plugins compatible for Editor in 0.50 ms, found 2 plugins.
Preloading 0 native plugins for Editor in 0.00 ms.
Unloading 1805 Unused Serialized files (Serialized files now loaded: 0)
System memory in use before: 160.4 MB.
System memory in use after: 160.4 MB.

Unloading 12 unused Assets to reduce memory usage. Loaded Objects now: 2278.
Total: 2.979485 ms (FindLiveObjects: 0.242512 ms CreateObjectMapping: 0.075242 ms MarkObjects: 2.509678 ms  DeleteObjects: 0.149730 ms)

========================================================================
Received Prepare
Registering precompiled user dll's ...
Registered in 0.013906 seconds.
Begin MonoManager ReloadAssembly
Native extension for Lumin target not found
Native extension for LinuxStandalone target not found
Native extension for WindowsStandalone target not found
Native extension for OSXStandalone target not found
Native extension for WebGL target not found
Refreshing native plugins compatible for Editor in 0.55 ms, found 2 plugins.
Preloading 0 native plugins for Editor in 0.00 ms.
Invoked RoslynAnalysisRunner static constructor.
RoslynAnalysisRunner will not be running.
RoslynAnalysisRunner has terminated.
Mono: successfully reloaded assembly
- Completed reload, in  1.594 seconds
Platform modules already initialized, skipping
Refreshing native plugins compatible for Editor in 0.58 ms, found 2 plugins.
Preloading 0 native plugins for Editor in 0.00 ms.
Unloading 1805 Unused Serialized files (Serialized files now loaded: 0)
System memory in use before: 160.7 MB.
System memory in use after: 160.8 MB.

Unloading 12 unused Assets to reduce memory usage. Loaded Objects now: 2281.
Total: 3.391754 ms (FindLiveObjects: 0.247721 ms CreateObjectMapping: 0.076988 ms MarkObjects: 2.924152 ms  DeleteObjects: 0.140482 ms)

========================================================================
Received Prepare
Registering precompiled user dll's ...
Registered in 0.012764 seconds.
Begin MonoManager ReloadAssembly
Native extension for Lumin target not found
Native extension for LinuxStandalone target not found
Native extension for WindowsStandalone target not found
Native extension for OSXStandalone target not found
Native extension for WebGL target not found
Refreshing native plugins compatible for Editor in 0.51 ms, found 2 plugins.
Preloading 0 native plugins for Editor in 0.00 ms.
Invoked RoslynAnalysisRunner static constructor.
RoslynAnalysisRunner will not be running.
RoslynAnalysisRunner has terminated.
Mono: successfully reloaded assembly
- Completed reload, in  1.671 seconds
Platform modules already initialized, skipping
Refreshing native plugins compatible for Editor in 0.49 ms, found 2 plugins.
Preloading 0 native plugins for Editor in 0.00 ms.
Unloading 1805 Unused Serialized files (Serialized files now loaded: 0)
System memory in use before: 161.1 MB.
System memory in use after: 161.1 MB.

Unloading 12 unused Assets to reduce memory usage. Loaded Objects now: 2284.
Total: 2.874152 ms (FindLiveObjects: 0.244741 ms CreateObjectMapping: 0.076900 ms MarkObjects: 2.400553 ms  DeleteObjects: 0.149410 ms)

========================================================================
Received Prepare
Registering precompiled user dll's ...
Registered in 0.019292 seconds.
Begin MonoManager ReloadAssembly
Native extension for Lumin target not found
Native extension for LinuxStandalone target not found
Native extension for WindowsStandalone target not found
Native extension for OSXStandalone target not found
Native extension for WebGL target not found
Refreshing native plugins compatible for Editor in 0.51 ms, found 2 plugins.
Preloading 0 native plugins for Editor in 0.00 ms.
Invoked RoslynAnalysisRunner static constructor.
RoslynAnalysisRunner will not be running.
RoslynAnalysisRunner has terminated.
Mono: successfully reloaded assembly
- Completed reload, in  2.026 seconds
Platform modules already initialized, skipping
Refreshing native plugins compatible for Editor in 0.50 ms, found 2 plugins.
Preloading 0 native plugins for Editor in 0.00 ms.
Unloading 1805 Unused Serialized files (Serialized files now loaded: 0)
System memory in use before: 161.4 MB.
System memory in use after: 161.5 MB.

Unloading 12 unused Assets to reduce memory usage. Loaded Objects now: 2287.
Total: 2.967785 ms (FindLiveObjects: 0.253717 ms CreateObjectMapping: 0.086567 ms MarkObjects: 2.478074 ms  DeleteObjects: 0.146786 ms)

========================================================================
Received Prepare
Registering precompiled user dll's ...
Registered in 0.020167 seconds.
Begin MonoManager ReloadAssembly
Native extension for Lumin target not found
Native extension for LinuxStandalone target not found
Native extension for WindowsStandalone target not found
Native extension for OSXStandalone target not found
Native extension for WebGL target not found
Refreshing native plugins compatible for Editor in 0.50 ms, found 2 plugins.
Preloading 0 native plugins for Editor in 0.00 ms.
Invoked RoslynAnalysisRunner static constructor.
RoslynAnalysisRunner will not be running.
RoslynAnalysisRunner has terminated.
Mono: successfully reloaded assembly
- Completed reload, in  1.818 seconds
Platform modules already initialized, skipping
Refreshing native plugins compatible for Editor in 0.49 ms, found 2 plugins.
Preloading 0 native plugins for Editor in 0.00 ms.
Unloading 1805 Unused Serialized files (Serialized files now loaded: 0)
System memory in use before: 161.8 MB.
System memory in use after: 161.8 MB.

Unloading 12 unused Assets to reduce memory usage. Loaded Objects now: 2290.
Total: 2.880389 ms (FindLiveObjects: 0.301195 ms CreateObjectMapping: 0.085239 ms MarkObjects: 2.338651 ms  DeleteObjects: 0.152835 ms)

========================================================================
Received Prepare
Registering precompiled user dll's ...
Registered in 0.020274 seconds.
Begin MonoManager ReloadAssembly
Native extension for Lumin target not found
Native extension for LinuxStandalone target not found
Native extension for WindowsStandalone target not found
Native extension for OSXStandalone target not found
Native extension for WebGL target not found
Refreshing native plugins compatible for Editor in 0.53 ms, found 2 plugins.
Preloading 0 native plugins for Editor in 0.00 ms.
Invoked RoslynAnalysisRunner static constructor.
RoslynAnalysisRunner will not be running.
RoslynAnalysisRunner has terminated.
Mono: successfully reloaded assembly
- Completed reload, in  1.749 seconds
Platform modules already initialized, skipping
Refreshing native plugins compatible for Editor in 0.48 ms, found 2 plugins.
Preloading 0 native plugins for Editor in 0.00 ms.
Unloading 1805 Unused Serialized files (Serialized files now loaded: 0)
System memory in use before: 162.0 MB.
System memory in use after: 162.0 MB.

Unloading 12 unused Assets to reduce memory usage. Loaded Objects now: 2293.
Total: 3.082554 ms (FindLiveObjects: 0.244351 ms CreateObjectMapping: 0.076690 ms MarkObjects: 2.590349 ms  DeleteObjects: 0.168782 ms)

========================================================================
Received Import Request.
  Time since last request: 2775.463387 seconds.
  path: Assets/Prefabs/Invisability potion.prefab
  artifactKey: Guid(a56de4d7cf4b94741945a71df2dbffd2) Importer(815301076,1909f56bfc062723c751e8b465ee728b)
Start importing Assets/Prefabs/Invisability potion.prefab using Guid(a56de4d7cf4b94741945a71df2dbffd2) Importer(815301076,1909f56bfc062723c751e8b465ee728b)  -> (artifact id: '55ec06bbac91dc2f0cbaf685120414a4') in 0.351371 seconds
  Import took 0.405566 seconds .

========================================================================
Received Import Request.
  Time since last request: 119.058323 seconds.
  path: Assets/Animations/Waterfall.anim
  artifactKey: Guid(793aa348498c5487b807814f60c36d06) Importer(815301076,1909f56bfc062723c751e8b465ee728b)
Start importing Assets/Animations/Waterfall.anim using Guid(793aa348498c5487b807814f60c36d06) Importer(815301076,1909f56bfc062723c751e8b465ee728b)  -> (artifact id: '833894570243f943298afe445aeb88d5') in 0.085474 seconds
  Import took 0.126602 seconds .

========================================================================
Received Import Request.
  Time since last request: 97.932197 seconds.
  path: Assets/Art/Waterfall/Water_Waterfall_8.psd
  artifactKey: Guid(d12688c9604fdb446bb60fb52a00a229) Importer(815301076,1909f56bfc062723c751e8b465ee728b)
Start importing Assets/Art/Waterfall/Water_Waterfall_8.psd using Guid(d12688c9604fdb446bb60fb52a00a229) Importer(815301076,1909f56bfc062723c751e8b465ee728b)  -> (artifact id: '6feec7d83d8ac00634e3ad0e6b23ce08') in 0.841887 seconds
  Import took 0.871561 seconds .

========================================================================
Received Import Request.
  Time since last request: 0.739076 seconds.
  path: Assets/Art/Waterfall/Water_Waterfall_7.psd
  artifactKey: Guid(5b8c4011e45e042d5a339c8b26c8a1d0) Importer(815301076,1909f56bfc062723c751e8b465ee728b)
Start importing Assets/Art/Waterfall/Water_Waterfall_7.psd using Guid(5b8c4011e45e042d5a339c8b26c8a1d0) Importer(815301076,1909f56bfc062723c751e8b465ee728b)  -> (artifact id: '75275481a9bd4b8af7f4546632364b00') in 0.043920 seconds
  Import took 0.079693 seconds .

========================================================================
Received Import Request.
  Time since last request: 25.495661 seconds.
  path: Assets/Animations/Water.anim
  artifactKey: Guid(0d9a6876799224be3866cfb40fa222bc) Importer(815301076,1909f56bfc062723c751e8b465ee728b)
Start importing Assets/Animations/Water.anim using Guid(0d9a6876799224be3866cfb40fa222bc) Importer(815301076,1909f56bfc062723c751e8b465ee728b)  -> (artifact id: '2895d23bb02b91d50aa5f0030b383151') in 0.022287 seconds
  Import took 0.067748 seconds .

========================================================================
Received Import Request.
  Time since last request: 0.017907 seconds.
  path: Assets/Animations/Water.anim
  artifactKey: Guid(0d9a6876799224be3866cfb40fa222bc) Importer(815301076,1909f56bfc062723c751e8b465ee728b)
Start importing Assets/Animations/Water.anim using Guid(0d9a6876799224be3866cfb40fa222bc) Importer(815301076,1909f56bfc062723c751e8b465ee728b)  -> (artifact id: '2895d23bb02b91d50aa5f0030b383151') in 0.061099 seconds
  Import took 0.065162 seconds .

========================================================================
Received Import Request.
  Time since last request: 96.167793 seconds.
  path: Assets/Art/Waterfall/Water_WaterfallTop_1.psd
  artifactKey: Guid(1e8195522d340482985a958ec67e6f07) Importer(815301076,1909f56bfc062723c751e8b465ee728b)
Start importing Assets/Art/Waterfall/Water_WaterfallTop_1.psd using Guid(1e8195522d340482985a958ec67e6f07) Importer(815301076,1909f56bfc062723c751e8b465ee728b)  -> (artifact id: '244ffd63c2fe99e378bba128be672f87') in 0.041197 seconds
  Import took 0.090283 seconds .

========================================================================
Received Import Request.
  Time since last request: 0.044451 seconds.
  path: Assets/Art/Waterfall/Water_WaterfallTop_1.psd
  artifactKey: Guid(1e8195522d340482985a958ec67e6f07) Importer(815301076,1909f56bfc062723c751e8b465ee728b)
Start importing Assets/Art/Waterfall/Water_WaterfallTop_1.psd using Guid(1e8195522d340482985a958ec67e6f07) Importer(815301076,1909f56bfc062723c751e8b465ee728b)  -> (artifact id: '244ffd63c2fe99e378bba128be672f87') in 0.015287 seconds
  Import took 0.021080 seconds .

========================================================================
Received Import Request.
  Time since last request: 0.362966 seconds.
  path: Assets/Art/Waterfall/Water_WaterfallTop_2.psd
  artifactKey: Guid(eb41b902cc1284fd59f51611d9dfb806) Importer(815301076,1909f56bfc062723c751e8b465ee728b)
Start importing Assets/Art/Waterfall/Water_WaterfallTop_2.psd using Guid(eb41b902cc1284fd59f51611d9dfb806) Importer(815301076,1909f56bfc062723c751e8b465ee728b)  -> (artifact id: 'c5c3a7046f870fd4eebcc9fc60f5b049') in 0.037928 seconds
  Import took 0.064100 seconds .

========================================================================
Received Import Request.
  Time since last request: 0.502683 seconds.
  path: Assets/Art/Waterfall/Water_WaterfallTop_3.psd
  artifactKey: Guid(4a75ffdc6a4a91f45a2d2e8c72c43ada) Importer(815301076,1909f56bfc062723c751e8b465ee728b)
Start importing Assets/Art/Waterfall/Water_WaterfallTop_3.psd using Guid(4a75ffdc6a4a91f45a2d2e8c72c43ada) Importer(815301076,1909f56bfc062723c751e8b465ee728b)  -> (artifact id: '829414d4f4199423f03f7941c345b156') in 0.039868 seconds
  Import took 0.066708 seconds .

========================================================================
Received Prepare
Registering precompiled user dll's ...
Registered in 0.150542 seconds.
Begin MonoManager ReloadAssembly
Native extension for Lumin target not found
Native extension for LinuxStandalone target not found
Native extension for WindowsStandalone target not found
Native extension for OSXStandalone target not found
Native extension for WebGL target not found
Refreshing native plugins compatible for Editor in 0.55 ms, found 2 plugins.
Preloading 0 native plugins for Editor in 0.00 ms.
Invoked RoslynAnalysisRunner static constructor.
RoslynAnalysisRunner will not be running.
RoslynAnalysisRunner has terminated.
Mono: successfully reloaded assembly
- Completed reload, in  1.623 seconds
Platform modules already initialized, skipping
Refreshing native plugins compatible for Editor in 0.50 ms, found 2 plugins.
Preloading 0 native plugins for Editor in 0.00 ms.
Unloading 1805 Unused Serialized files (Serialized files now loaded: 0)
System memory in use before: 173.1 MB.
System memory in use after: 173.2 MB.

Unloading 12 unused Assets to reduce memory usage. Loaded Objects now: 2306.
Total: 2.823585 ms (FindLiveObjects: 0.235207 ms CreateObjectMapping: 0.067910 ms MarkObjects: 2.379116 ms  DeleteObjects: 0.138893 ms)

========================================================================
Received Prepare
Registering precompiled user dll's ...
Registered in 0.027625 seconds.
Begin MonoManager ReloadAssembly
Native extension for Lumin target not found
Native extension for LinuxStandalone target not found
Native extension for WindowsStandalone target not found
Native extension for OSXStandalone target not found
Native extension for WebGL target not found
Refreshing native plugins compatible for Editor in 0.49 ms, found 2 plugins.
Preloading 0 native plugins for Editor in 0.00 ms.
Invoked RoslynAnalysisRunner static constructor.
RoslynAnalysisRunner will not be running.
RoslynAnalysisRunner has terminated.
Mono: successfully reloaded assembly
- Completed reload, in  1.563 seconds
Platform modules already initialized, skipping
Refreshing native plugins compatible for Editor in 0.51 ms, found 2 plugins.
Preloading 0 native plugins for Editor in 0.00 ms.
Unloading 1805 Unused Serialized files (Serialized files now loaded: 0)
System memory in use before: 173.5 MB.
System memory in use after: 173.5 MB.

Unloading 12 unused Assets to reduce memory usage. Loaded Objects now: 2309.
Total: 2.950391 ms (FindLiveObjects: 0.258186 ms CreateObjectMapping: 0.085442 ms MarkObjects: 2.451143 ms  DeleteObjects: 0.153359 ms)

========================================================================
Received Prepare
Registering precompiled user dll's ...
Registered in 0.000919 seconds.
Begin MonoManager ReloadAssembly
Native extension for Lumin target not found
Native extension for LinuxStandalone target not found
Native extension for WindowsStandalone target not found
Native extension for OSXStandalone target not found
Native extension for WebGL target not found
Refreshing native plugins compatible for Editor in 0.59 ms, found 2 plugins.
Preloading 0 native plugins for Editor in 0.00 ms.
Invoked RoslynAnalysisRunner static constructor.
RoslynAnalysisRunner will not be running.
RoslynAnalysisRunner has terminated.
Mono: successfully reloaded assembly
- Completed reload, in  1.704 seconds
Platform modules already initialized, skipping
Refreshing native plugins compatible for Editor in 0.51 ms, found 2 plugins.
Preloading 0 native plugins for Editor in 0.00 ms.
Unloading 1805 Unused Serialized files (Serialized files now loaded: 0)
System memory in use before: 173.8 MB.
System memory in use after: 173.9 MB.

Unloading 12 unused Assets to reduce memory usage. Loaded Objects now: 2312.
Total: 2.778216 ms (FindLiveObjects: 0.265361 ms CreateObjectMapping: 0.087508 ms MarkObjects: 2.276029 ms  DeleteObjects: 0.147063 ms)

========================================================================
Received Import Request.
  Time since last request: 528.349816 seconds.
  path: Assets/Art/Enemy/FlyingBird Sprite.png
  artifactKey: Guid(2b8c4c10a97ee46b0bed59fbee8f32fb) Importer(815301076,1909f56bfc062723c751e8b465ee728b)
Start importing Assets/Art/Enemy/FlyingBird Sprite.png using Guid(2b8c4c10a97ee46b0bed59fbee8f32fb) Importer(815301076,1909f56bfc062723c751e8b465ee728b)  -> (artifact id: '895db5edd386a5cbadfcb1a6677810ff') in 0.462430 seconds
  Import took 0.489832 seconds .

========================================================================
Received Import Request.
  Time since last request: 0.028894 seconds.
  path: Assets/Art/Enemy/FlyingBird Sprite.png
  artifactKey: Guid(2b8c4c10a97ee46b0bed59fbee8f32fb) Importer(815301076,1909f56bfc062723c751e8b465ee728b)
Start importing Assets/Art/Enemy/FlyingBird Sprite.png using Guid(2b8c4c10a97ee46b0bed59fbee8f32fb) Importer(815301076,1909f56bfc062723c751e8b465ee728b)  -> (artifact id: '895db5edd386a5cbadfcb1a6677810ff') in 0.017340 seconds
  Import took 0.022256 seconds .

========================================================================
Received Import Request.
  Time since last request: 1.363638 seconds.
  path: Assets/Art/Enemy/FlyingBird Sprite.png
  artifactKey: Guid(2b8c4c10a97ee46b0bed59fbee8f32fb) Importer(815301076,1909f56bfc062723c751e8b465ee728b)
Start importing Assets/Art/Enemy/FlyingBird Sprite.png using Guid(2b8c4c10a97ee46b0bed59fbee8f32fb) Importer(815301076,1909f56bfc062723c751e8b465ee728b)  -> (artifact id: '4f658b1d8cfe3df012a0e5ba55c198bf') in 0.033823 seconds
  Import took 0.061031 seconds .

========================================================================
Received Import Request.
  Time since last request: 14.408772 seconds.
  path: Assets/Art/Enemy/FlyingBird Sprite.png
  artifactKey: Guid(2b8c4c10a97ee46b0bed59fbee8f32fb) Importer(815301076,1909f56bfc062723c751e8b465ee728b)
Start importing Assets/Art/Enemy/FlyingBird Sprite.png using Guid(2b8c4c10a97ee46b0bed59fbee8f32fb) Importer(815301076,1909f56bfc062723c751e8b465ee728b)  -> (artifact id: 'd6651238d65fc2ee0347d696a84565f7') in 0.096379 seconds
  Import took 0.135697 seconds .

========================================================================
Received Import Request.
  Time since last request: 63.813147 seconds.
  path: Assets/Animations/FlyingBird Sprite_0.controller
  artifactKey: Guid(f23bce82247a2444cb55b4671f1a32cc) Importer(815301076,1909f56bfc062723c751e8b465ee728b)
Start importing Assets/Animations/FlyingBird Sprite_0.controller using Guid(f23bce82247a2444cb55b4671f1a32cc) Importer(815301076,1909f56bfc062723c751e8b465ee728b)  -> (artifact id: '2104a89abba38a0352ed44dd05572cd9') in 0.065153 seconds
  Import took 0.095088 seconds .

========================================================================
Received Import Request.
  Time since last request: 3.821946 seconds.
  path: Assets/Animations/BirdFly.anim
  artifactKey: Guid(9c24fa128479045bb8883895875ed4cc) Importer(815301076,1909f56bfc062723c751e8b465ee728b)
Start importing Assets/Animations/BirdFly.anim using Guid(9c24fa128479045bb8883895875ed4cc) Importer(815301076,1909f56bfc062723c751e8b465ee728b)  -> (artifact id: '4227db1d525a0eec0446f5c1107bd326') in 0.021663 seconds
  Import took 0.047635 seconds .

========================================================================
Received Import Request.
  Time since last request: 0.054852 seconds.
  path: Assets/Animations/BirdFly.anim
  artifactKey: Guid(9c24fa128479045bb8883895875ed4cc) Importer(815301076,1909f56bfc062723c751e8b465ee728b)
Start importing Assets/Animations/BirdFly.anim using Guid(9c24fa128479045bb8883895875ed4cc) Importer(815301076,1909f56bfc062723c751e8b465ee728b)  -> (artifact id: '4227db1d525a0eec0446f5c1107bd326') in 0.006065 seconds
  Import took 0.010486 seconds .

========================================================================
Received Prepare
Registering precompiled user dll's ...
Registered in 0.034111 seconds.
Begin MonoManager ReloadAssembly
Native extension for Lumin target not found
Native extension for LinuxStandalone target not found
Native extension for WindowsStandalone target not found
Native extension for OSXStandalone target not found
Native extension for WebGL target not found
Refreshing native plugins compatible for Editor in 0.50 ms, found 2 plugins.
Preloading 0 native plugins for Editor in 0.00 ms.
Invoked RoslynAnalysisRunner static constructor.
RoslynAnalysisRunner will not be running.
RoslynAnalysisRunner has terminated.
Mono: successfully reloaded assembly
- Completed reload, in  1.421 seconds
Platform modules already initialized, skipping
Refreshing native plugins compatible for Editor in 0.48 ms, found 2 plugins.
Preloading 0 native plugins for Editor in 0.00 ms.
Unloading 1805 Unused Serialized files (Serialized files now loaded: 0)
System memory in use before: 178.4 MB.
System memory in use after: 178.4 MB.

Unloading 12 unused Assets to reduce memory usage. Loaded Objects now: 2344.
Total: 2.956626 ms (FindLiveObjects: 0.241599 ms CreateObjectMapping: 0.069537 ms MarkObjects: 2.497595 ms  DeleteObjects: 0.145960 ms)

========================================================================
Received Import Request.
  Time since last request: 350.812871 seconds.
  path: Assets/Art/Enemy/FlyingBird Sprite.png
  artifactKey: Guid(2b8c4c10a97ee46b0bed59fbee8f32fb) Importer(815301076,1909f56bfc062723c751e8b465ee728b)
Start importing Assets/Art/Enemy/FlyingBird Sprite.png using Guid(2b8c4c10a97ee46b0bed59fbee8f32fb) Importer(815301076,1909f56bfc062723c751e8b465ee728b)  -> (artifact id: '13d496c1be80a791615ab68f66f88c13') in 0.152690 seconds
  Import took 0.183867 seconds .

========================================================================
Received Import Request.
  Time since last request: 0.004013 seconds.
  path: Assets/Art/Enemy/FlyingBird Sprite.png
  artifactKey: Guid(2b8c4c10a97ee46b0bed59fbee8f32fb) Importer(815301076,1909f56bfc062723c751e8b465ee728b)
Start importing Assets/Art/Enemy/FlyingBird Sprite.png using Guid(2b8c4c10a97ee46b0bed59fbee8f32fb) Importer(815301076,1909f56bfc062723c751e8b465ee728b)  -> (artifact id: '13d496c1be80a791615ab68f66f88c13') in 0.072330 seconds
  Import took 0.077085 seconds .

========================================================================
Received Prepare
Registering precompiled user dll's ...
Registered in 0.000832 seconds.
Begin MonoManager ReloadAssembly
Native extension for Lumin target not found
Native extension for LinuxStandalone target not found
Native extension for WindowsStandalone target not found
Native extension for OSXStandalone target not found
Native extension for WebGL target not found
Refreshing native plugins compatible for Editor in 0.50 ms, found 2 plugins.
Preloading 0 native plugins for Editor in 0.00 ms.
Invoked RoslynAnalysisRunner static constructor.
RoslynAnalysisRunner will not be running.
RoslynAnalysisRunner has terminated.
Mono: successfully reloaded assembly
- Completed reload, in  1.457 seconds
Platform modules already initialized, skipping
Refreshing native plugins compatible for Editor in 0.50 ms, found 2 plugins.
Preloading 0 native plugins for Editor in 0.00 ms.
Unloading 1805 Unused Serialized files (Serialized files now loaded: 0)
System memory in use before: 178.8 MB.
System memory in use after: 178.8 MB.

Unloading 12 unused Assets to reduce memory usage. Loaded Objects now: 2348.
Total: 2.796708 ms (FindLiveObjects: 0.248873 ms CreateObjectMapping: 0.074959 ms MarkObjects: 2.310991 ms  DeleteObjects: 0.159591 ms)

========================================================================
Received Import Request.
  Time since last request: 71.565415 seconds.
  path: Assets/_Scenes/Level1.unity
  artifactKey: Guid(2cda990e2423bbf4892e6590ba056729) Importer(815301076,1909f56bfc062723c751e8b465ee728b)
Start importing Assets/_Scenes/Level1.unity using Guid(2cda990e2423bbf4892e6590ba056729) Importer(815301076,1909f56bfc062723c751e8b465ee728b)  -> (artifact id: '09119bf3868da56a01e2060ed2847ef8') in 0.043845 seconds
  Import took 0.063834 seconds .

========================================================================
Received Prepare
Registering precompiled user dll's ...
Registered in 0.048334 seconds.
Begin MonoManager ReloadAssembly
Native extension for Lumin target not found
Native extension for LinuxStandalone target not found
Native extension for WindowsStandalone target not found
Native extension for OSXStandalone target not found
Native extension for WebGL target not found
Refreshing native plugins compatible for Editor in 0.48 ms, found 2 plugins.
Preloading 0 native plugins for Editor in 0.00 ms.
Invoked RoslynAnalysisRunner static constructor.
RoslynAnalysisRunner will not be running.
RoslynAnalysisRunner has terminated.
Mono: successfully reloaded assembly
- Completed reload, in  1.425 seconds
Platform modules already initialized, skipping
Refreshing native plugins compatible for Editor in 0.50 ms, found 2 plugins.
Preloading 0 native plugins for Editor in 0.00 ms.
Unloading 1805 Unused Serialized files (Serialized files now loaded: 0)
System memory in use before: 179.1 MB.
System memory in use after: 179.1 MB.

Unloading 12 unused Assets to reduce memory usage. Loaded Objects now: 2351.
Total: 2.905152 ms (FindLiveObjects: 0.296143 ms CreateObjectMapping: 0.087183 ms MarkObjects: 2.367053 ms  DeleteObjects: 0.152176 ms)

========================================================================
Received Import Request.
  Time since last request: 171.406132 seconds.
  path: Assets/_Scenes/Level2.unity
  artifactKey: Guid(45021a0fb178942518e377e8590acc64) Importer(815301076,1909f56bfc062723c751e8b465ee728b)
Start importing Assets/_Scenes/Level2.unity using Guid(45021a0fb178942518e377e8590acc64) Importer(815301076,1909f56bfc062723c751e8b465ee728b)  -> (artifact id: '3dae3a0d3d02ce9021c7f3d1434f1c0a') in 0.017724 seconds
  Import took 0.022226 seconds .

========================================================================
Received Import Request.
  Time since last request: 0.005696 seconds.
  path: Assets/_Scenes/Level2.unity
  artifactKey: Guid(45021a0fb178942518e377e8590acc64) Importer(815301076,1909f56bfc062723c751e8b465ee728b)
Start importing Assets/_Scenes/Level2.unity using Guid(45021a0fb178942518e377e8590acc64) Importer(815301076,1909f56bfc062723c751e8b465ee728b)  -> (artifact id: '3dae3a0d3d02ce9021c7f3d1434f1c0a') in 0.001602 seconds
  Import took 0.006150 seconds .

========================================================================
Received Prepare
Refreshing native plugins compatible for Editor in 6.83 ms, found 2 plugins.
Preloading 0 native plugins for Editor in 0.00 ms.
Unloading 10 Unused Serialized files (Serialized files now loaded: 0)
System memory in use before: 142.4 MB.
System memory in use after: 142.5 MB.

Unloading 10 unused Assets to reduce memory usage. Loaded Objects now: 2351.
Total: 4.755471 ms (FindLiveObjects: 0.265772 ms CreateObjectMapping: 0.069249 ms MarkObjects: 4.263675 ms  DeleteObjects: 0.154463 ms)

========================================================================
Received Prepare
Refreshing native plugins compatible for Editor in 1.41 ms, found 2 plugins.
Preloading 0 native plugins for Editor in 0.00 ms.
Unloading 10 Unused Serialized files (Serialized files now loaded: 0)
System memory in use before: 142.6 MB.
System memory in use after: 142.6 MB.

Unloading 10 unused Assets to reduce memory usage. Loaded Objects now: 2351.
Total: 7.596435 ms (FindLiveObjects: 0.264547 ms CreateObjectMapping: 0.068416 ms MarkObjects: 7.091486 ms  DeleteObjects: 0.169787 ms)

========================================================================
Received Import Request.
  Time since last request: 1187.587846 seconds.
  path: Assets/_Scenes/Level1.unity
  artifactKey: Guid(2cda990e2423bbf4892e6590ba056729) Importer(815301076,1909f56bfc062723c751e8b465ee728b)
Start importing Assets/_Scenes/Level1.unity using Guid(2cda990e2423bbf4892e6590ba056729) Importer(815301076,1909f56bfc062723c751e8b465ee728b)  -> (artifact id: 'a53ac0db6709f01709ddc240ac8f7d05') in 0.021211 seconds
  Import took 0.053935 seconds .

========================================================================
Received Import Request.
  Time since last request: 57.173576 seconds.
  path: Assets/_Scenes/Level2.unity
  artifactKey: Guid(45021a0fb178942518e377e8590acc64) Importer(815301076,1909f56bfc062723c751e8b465ee728b)
Start importing Assets/_Scenes/Level2.unity using Guid(45021a0fb178942518e377e8590acc64) Importer(815301076,1909f56bfc062723c751e8b465ee728b)  -> (artifact id: '812d2db28fd117f6a95dd940e8364cc1') in 0.045288 seconds
  Import took 0.070759 seconds .

========================================================================
Received Prepare
Refreshing native plugins compatible for Editor in 1.95 ms, found 2 plugins.
Preloading 0 native plugins for Editor in 0.00 ms.
Unloading 10 Unused Serialized files (Serialized files now loaded: 0)
System memory in use before: 142.7 MB.
System memory in use after: 142.8 MB.

Unloading 10 unused Assets to reduce memory usage. Loaded Objects now: 2351.
Total: 3.207103 ms (FindLiveObjects: 0.243504 ms CreateObjectMapping: 0.069458 ms MarkObjects: 2.741151 ms  DeleteObjects: 0.150471 ms)

AssetImportWorkerClient::OnTransportError - code=2 error=End of file
