Using pre-set license

 COMMAND LINE ARGUMENTS:
/Users/ctheard/OneDrive/Documents/Unity Build/2020.2.2f1/Unity.app/Contents/MacOS/Unity
-adb2
-batchMode
-noUpm
-name
AssetImportWorker0
-projectPath
/Users/ctheard/OneDrive/Documents/Unity 2020 Class/SuperSpartBros2D/SuperSpartBros2D
-logFile
Logs/AssetImportWorker0.log
-srvPort
50127
Successfully changed project path to: /Users/ctheard/OneDrive/Documents/Unity 2020 Class/SuperSpartBros2D/SuperSpartBros2D
/Users/ctheard/OneDrive/Documents/Unity 2020 Class/SuperSpartBros2D/SuperSpartBros2D
Using Asset Import Pipeline V2.
Refreshing native plugins compatible for Editor in 93.69 ms, found 2 plugins.
Preloading 0 native plugins for Editor in 0.00 ms.
Initialize engine version: 2020.2.2f1 (068178b99f32)
[Subsystems] Discovering subsystems at path /Users/ctheard/OneDrive/Documents/Unity Build/2020.2.2f1/Unity.app/Contents/Resources/UnitySubsystems
[Subsystems] Discovering subsystems at path /Users/ctheard/OneDrive/Documents/Unity 2020 Class/SuperSpartBros2D/SuperSpartBros2D/Assets
GfxDevice: creating device client; threaded=0
Renderer: AMD Radeon HD 6770M OpenGL Engine
Vendor:   ATI Technologies Inc.
Version:  4.1 ATI-1.68.25
GLES:     0
 GL_ARB_blend_func_extended GL_ARB_draw_buffers_blend GL_ARB_draw_indirect GL_ARB_ES2_compatibility GL_ARB_explicit_attrib_location GL_ARB_gpu_shader5 GL_ARB_instanced_arrays GL_ARB_internalformat_query GL_ARB_occlusion_query2 GL_ARB_sample_shading GL_ARB_sampler_objects GL_ARB_separate_shader_objects GL_ARB_shader_bit_encoding GL_ARB_shader_subroutine GL_ARB_shading_language_include GL_ARB_tessellation_shader GL_ARB_texture_buffer_object_rgb32 GL_ARB_texture_cube_map_array GL_ARB_texture_gather GL_ARB_texture_query_lod GL_ARB_texture_rgb10_a2ui GL_ARB_texture_storage GL_ARB_texture_swizzle GL_ARB_timer_query GL_ARB_transform_feedback2 GL_ARB_transform_feedback3 GL_ARB_vertex_type_2_10_10_10_rev GL_ARB_viewport_array GL_EXT_debug_label GL_EXT_debug_marker GL_EXT_texture_compression_s3tc GL_EXT_texture_filter_anisotropic GL_EXT_texture_mirror_clamp GL_EXT_texture_sRGB_decode GL_APPLE_client_storage GL_APPLE_container_object_shareable GL_APPLE_flush_render GL_APPLE_object_purgeable GL_APPLE_rgb_422 GL_APPLE_ro
w_bytes GL_APPLE_texture_range GL_ATI_texture_mirror_once GL_NV_texture_barrier
OPENGL LOG: Creating OpenGL 4.1 graphics device ; Context level  <OpenGL 4.1> ; Context handle -1073458176
Initialize mono
Mono path[0] = '/Users/ctheard/OneDrive/Documents/Unity Build/2020.2.2f1/Unity.app/Contents/Managed'
Mono path[1] = '/Users/ctheard/OneDrive/Documents/Unity Build/2020.2.2f1/Unity.app/Contents/MonoBleedingEdge/lib/mono/unityjit'
Mono config path = '/Users/ctheard/OneDrive/Documents/Unity Build/2020.2.2f1/Unity.app/Contents/MonoBleedingEdge/etc'
Using monoOptions --debugger-agent=transport=dt_socket,embedding=1,server=y,suspend=n,address=127.0.0.1:56524
Begin MonoManager ReloadAssembly
Registering precompiled unity dll's ...
Register platform support module: /Users/ctheard/OneDrive/Documents/Unity Build/2020.2.2f1/PlaybackEngines/WebGLSupport/UnityEditor.WebGL.Extensions.dll
Register platform support module: /Users/ctheard/OneDrive/Documents/Unity Build/2020.2.2f1/Unity.app/Contents/PlaybackEngines/MacStandaloneSupport/UnityEditor.OSXStandalone.Extensions.dll
Register platform support module: /Users/ctheard/OneDrive/Documents/Unity Build/2020.2.2f1/PlaybackEngines/WindowsStandaloneSupport/UnityEditor.WindowsStandalone.Extensions.dll
Register platform support module: /Users/ctheard/OneDrive/Documents/Unity Build/2020.2.2f1/PlaybackEngines/LinuxStandaloneSupport/UnityEditor.LinuxStandalone.Extensions.dll
Register platform support module: /Users/ctheard/OneDrive/Documents/Unity Build/2020.2.2f1/PlaybackEngines/LuminSupport/UnityEditor.Lumin.Extensions.dll
Registered in 0.001341 seconds.
Native extension for Lumin target not found
Native extension for LinuxStandalone target not found
Native extension for WindowsStandalone target not found
Native extension for OSXStandalone target not found
Native extension for WebGL target not found
Refreshing native plugins compatible for Editor in 60.17 ms, found 2 plugins.
Preloading 0 native plugins for Editor in 0.00 ms.
Invoked RoslynAnalysisRunner static constructor.
RoslynAnalysisRunner will not be running.
RoslynAnalysisRunner has terminated.
Mono: successfully reloaded assembly
- Completed reload, in  3.978 seconds
Platform modules already initialized, skipping
Registering precompiled user dll's ...
Registered in 0.000637 seconds.
Begin MonoManager ReloadAssembly
Native extension for Lumin target not found
Native extension for LinuxStandalone target not found
Native extension for WindowsStandalone target not found
Native extension for OSXStandalone target not found
Native extension for WebGL target not found
Refreshing native plugins compatible for Editor in 61.74 ms, found 2 plugins.
Preloading 0 native plugins for Editor in 0.00 ms.
Invoked RoslynAnalysisRunner static constructor.
RoslynAnalysisRunner will not be running.
RoslynAnalysisRunner has terminated.
Mono: successfully reloaded assembly
- Completed reload, in  1.917 seconds
Platform modules already initialized, skipping
========================================================================
Worker process is ready to serve import requests
Launching external process: /Users/ctheard/OneDrive/Documents/Unity Build/2020.2.2f1/Unity.app/Contents/Tools/UnityShaderCompiler
Launched and connected shader compiler UnityShaderCompiler after 0.09 seconds
Refreshing native plugins compatible for Editor in 0.48 ms, found 2 plugins.
Preloading 0 native plugins for Editor in 0.00 ms.
Unloading 1810 Unused Serialized files (Serialized files now loaded: 0)
System memory in use before: 147.7 MB.
System memory in use after: 147.7 MB.

Unloading 24 unused Assets to reduce memory usage. Loaded Objects now: 2254.
Total: 2.351558 ms (FindLiveObjects: 0.222583 ms CreateObjectMapping: 0.069159 ms MarkObjects: 1.880175 ms  DeleteObjects: 0.178194 ms)

========================================================================
Received Import Request.
  path: Assets/_Scenes/Level0.unity
  artifactKey: Guid(0c4baba4a0fe34848b68fc034ce34bdf) Importer(815301076,1909f56bfc062723c751e8b465ee728b)
Start importing Assets/_Scenes/Level0.unity using Guid(0c4baba4a0fe34848b68fc034ce34bdf) Importer(815301076,1909f56bfc062723c751e8b465ee728b)  -> (artifact id: '3828b9fb0245f24af52b68b945220cb1') in 0.097233 seconds
  Import took 0.132855 seconds .

========================================================================
Received Import Request.
  Time since last request: 1.064855 seconds.
  path: Assets/_Scenes/LevelSelect.unity
  artifactKey: Guid(0c4baba4a0fe34848b68fc034ce34bdf) Importer(815301076,1909f56bfc062723c751e8b465ee728b)
Start importing Assets/_Scenes/LevelSelect.unity using Guid(0c4baba4a0fe34848b68fc034ce34bdf) Importer(815301076,1909f56bfc062723c751e8b465ee728b)  -> (artifact id: '6ff740ac81a290e176a4c231dfb36ed3') in 0.124537 seconds
  Import took 0.157722 seconds .

========================================================================
Received Import Request.
  Time since last request: 1635.084439 seconds.
  path: Assets/_Scripts/MenuPauseAndLoadLevel.cs
  artifactKey: Guid(11c40796413d342ba94ab2aa4c2beb54) Importer(815301076,1909f56bfc062723c751e8b465ee728b)
Start importing Assets/_Scripts/MenuPauseAndLoadLevel.cs using Guid(11c40796413d342ba94ab2aa4c2beb54) Importer(815301076,1909f56bfc062723c751e8b465ee728b)  -> (artifact id: 'f7470f1862ceefaf88e35f07a00f5d2d') in 0.747283 seconds
  Import took 0.776460 seconds .

========================================================================
Received Import Request.
  Time since last request: 2.759433 seconds.
  path: Assets/_Scripts/MenuButtonLoadLevel.cs
  artifactKey: Guid(b9cd472bbab2448a3a77473b12940c7f) Importer(815301076,1909f56bfc062723c751e8b465ee728b)
Start importing Assets/_Scripts/MenuButtonLoadLevel.cs using Guid(b9cd472bbab2448a3a77473b12940c7f) Importer(815301076,1909f56bfc062723c751e8b465ee728b)  -> (artifact id: 'c3a16d05263282c216468af415200aca') in 0.011582 seconds
  Import took 0.058278 seconds .

========================================================================
Received Import Request.
  Time since last request: 36.436993 seconds.
  path: Assets/_Scripts/Level1 Button.prefab
  artifactKey: Guid(fd9f1ff04848142b9bf3bd8715dc05bf) Importer(815301076,1909f56bfc062723c751e8b465ee728b)
Start importing Assets/_Scripts/Level1 Button.prefab using Guid(fd9f1ff04848142b9bf3bd8715dc05bf) Importer(815301076,1909f56bfc062723c751e8b465ee728b)  -> (artifact id: '0622b32f3c015ee17a9927f0b5d91cc4') in 0.972590 seconds
  Import took 1.046415 seconds .

========================================================================
Received Import Request.
  Time since last request: 494.695789 seconds.
  path: Assets/_Scenes/Level2.unity
  artifactKey: Guid(45021a0fb178942518e377e8590acc64) Importer(815301076,1909f56bfc062723c751e8b465ee728b)
Start importing Assets/_Scenes/Level2.unity using Guid(45021a0fb178942518e377e8590acc64) Importer(815301076,1909f56bfc062723c751e8b465ee728b)  -> (artifact id: '69e352090f808cb1915c434bdb296fa9') in 0.115505 seconds
  Import took 0.157240 seconds .

========================================================================
Received Import Request.
  Time since last request: 0.172817 seconds.
  path: Assets/_Scenes/Level2.unity
  artifactKey: Guid(45021a0fb178942518e377e8590acc64) Importer(815301076,1909f56bfc062723c751e8b465ee728b)
Start importing Assets/_Scenes/Level2.unity using Guid(45021a0fb178942518e377e8590acc64) Importer(815301076,1909f56bfc062723c751e8b465ee728b)  -> (artifact id: '69e352090f808cb1915c434bdb296fa9') in 0.003106 seconds
  Import took 0.007269 seconds .

========================================================================
Received Import Request.
  Time since last request: 41.745335 seconds.
  path: Assets/_Scenes/LevelSelect.unity
  artifactKey: Guid(0c4baba4a0fe34848b68fc034ce34bdf) Importer(815301076,1909f56bfc062723c751e8b465ee728b)
Start importing Assets/_Scenes/LevelSelect.unity using Guid(0c4baba4a0fe34848b68fc034ce34bdf) Importer(815301076,1909f56bfc062723c751e8b465ee728b)  -> (artifact id: '26c27a489e084fb6a95d41919d135e88') in 0.025206 seconds
  Import took 0.078845 seconds .

========================================================================
Received Prepare
Registering precompiled user dll's ...
Registered in 0.000874 seconds.
Begin MonoManager ReloadAssembly
Native extension for Lumin target not found
Native extension for LinuxStandalone target not found
Native extension for WindowsStandalone target not found
Native extension for OSXStandalone target not found
Native extension for WebGL target not found
Refreshing native plugins compatible for Editor in 0.43 ms, found 2 plugins.
Preloading 0 native plugins for Editor in 0.00 ms.
Invoked RoslynAnalysisRunner static constructor.
RoslynAnalysisRunner will not be running.
RoslynAnalysisRunner has terminated.
Mono: successfully reloaded assembly
- Completed reload, in  2.131 seconds
Platform modules already initialized, skipping
Refreshing native plugins compatible for Editor in 0.49 ms, found 2 plugins.
Preloading 0 native plugins for Editor in 0.00 ms.
Unloading 1805 Unused Serialized files (Serialized files now loaded: 0)
System memory in use before: 153.6 MB.
System memory in use after: 153.6 MB.

Unloading 13 unused Assets to reduce memory usage. Loaded Objects now: 2259.
Total: 2.382764 ms (FindLiveObjects: 0.190590 ms CreateObjectMapping: 0.069303 ms MarkObjects: 2.003233 ms  DeleteObjects: 0.118318 ms)

========================================================================
Received Prepare
Refreshing native plugins compatible for Editor in 1.31 ms, found 2 plugins.
Preloading 0 native plugins for Editor in 0.00 ms.
Unloading 10 Unused Serialized files (Serialized files now loaded: 0)
System memory in use before: 117.7 MB.
System memory in use after: 117.8 MB.

Unloading 10 unused Assets to reduce memory usage. Loaded Objects now: 2259.
Total: 2.408326 ms (FindLiveObjects: 0.259593 ms CreateObjectMapping: 0.068311 ms MarkObjects: 1.960873 ms  DeleteObjects: 0.117656 ms)

